Array
(
    [contractVehicles] => Array
        (
            [0] => Array
                (
                    [target_name] => MDT - KAK 9695
                    [equipment_type] => Mini Dumptruck
                    [physical_status] => Operational
                    [assignment] => assignment_muntinlupa
                    [date_transferred] => 2025-06-19
                    [date_ended] => 2025-06-23
                    [last_updated] => 2025-10-10 09:10:02
                    [latitude] => 14.68346
                    [longitude] => 121.020573
                    [days_elapsed] => 113
                    [days_lapses] => 109
                    [days_contract] => 4
                    [last_updated_timestamp] => 1760058602
                    [remarks] => Vehicle should be on QSY in 2025-06-24
                    [source] => devices
                    [is_updated] => 
                    [is_overdue] => 1
                    [is_breakdown] => 
                    [is_days_lapses_null] => 
                )

            [1] => Array
                (
                    [target_name] => BT - KAJ 8866
                    [equipment_type] => Boomtruck
                    [physical_status] => Operational
                    [assignment] => assignment_castillejos
                    [date_transferred] => 2025-07-14
                    [date_ended] => 2025-07-14
                    [last_updated] => 2025-10-10 13:40:49
                    [latitude] => 14.114237
                    [longitude] => 120.814465
                    [days_elapsed] => 88
                    [days_lapses] => 88
                    [days_contract] => 0
                    [last_updated_timestamp] => 1760074849
                    [remarks] => Vehicle should be on QSY in 2025-07-15
                    [source] => devices
                    [is_updated] => 
                    [is_overdue] => 1
                    [is_breakdown] => 
                    [is_days_lapses_null] => 
                )

            [2] => Array
                (
                    [target_name] => BT - KAE 4523
                    [equipment_type] => Boomtruck
                    [physical_status] => Operational
                    [assignment] => assignment_castillejos
                    [date_transferred] => 2025-07-16
                    [date_ended] => 2025-07-19
                    [last_updated] => 2025-10-10 15:22:21
                    [latitude] => 13.623467
                    [longitude] => 121.079627
                    [days_elapsed] => 86
                    [days_lapses] => 83
                    [days_contract] => 3
                    [last_updated_timestamp] => 1760080941
                    [remarks] => Vehicle should be on QSY in 2025-07-20
                    [source] => devices
                    [is_updated] => 
                    [is_overdue] => 1
                    [is_breakdown] => 
                    [is_days_lapses_null] => 
                )

            [3] => Array
                (
                    [target_name] => SLD - KAE 6027
                    [equipment_type] => Selfloader
                    [physical_status] => Operational
                    [assignment] => assignment_hermosa
                    [date_transferred] => 2025-07-18
                    [date_ended] => 2025-07-19
                    [last_updated] => 2025-10-10 15:09:26
                    [latitude] => 14.683373
                    [longitude] => 121.020682
                    [days_elapsed] => 84
                    [days_lapses] => 83
                    [days_contract] => 1
                    [last_updated_timestamp] => 1760080166
                    [remarks] => Vehicle should be on QSY in 2025-07-20
                    [source] => devices
                    [is_updated] => 
                    [is_overdue] => 1
                    [is_breakdown] => 
                    [is_days_lapses_null] => 
                )

            [4] => Array
                (
                    [target_name] => BT - RNA 386
                    [equipment_type] => Boomtruck
                    [physical_status] => Operational
                    [assignment] => assignment_quirino
                    [date_transferred] => 2025-07-30
                    [date_ended] => 2025-08-01
                    [last_updated] => 2025-10-10 15:23:27
                    [latitude] => 14.683493
                    [longitude] => 121.020475
                    [days_elapsed] => 72
                    [days_lapses] => 70
                    [days_contract] => 2
                    [last_updated_timestamp] => 1760081007
                    [remarks] => Vehicle should be on QSY in 2025-08-02
                    [source] => devices
                    [is_updated] => 
                    [is_overdue] => 1
                    [is_breakdown] => 
                    [is_days_lapses_null] => 
                )

            [5] => Array
                (
                    [target_name] => MLT - KBE 7024
                    [equipment_type] => Manlift
                    [physical_status] => Operational
                    [assignment] => assignment_calacass
                    [date_transferred] => 2025-07-31
                    [date_ended] => 2025-08-02
                    [last_updated] => 2025-10-10 09:10:11
                    [latitude] => 13.93381
                    [longitude] => 120.791642
                    [days_elapsed] => 71
                    [days_lapses] => 69
                    [days_contract] => 2
                    [last_updated_timestamp] => 1760058611
                    [remarks] => Vehicle should be on QSY in 2025-08-03
                    [source] => devices
                    [is_updated] => 
                    [is_overdue] => 1
                    [is_breakdown] => 
                    [is_days_lapses_null] => 
                )

            [6] => Array
                (
                    [target_name] => BT - JFF 832
                    [equipment_type] => Boomtruck
                    [physical_status] => Operational
                    [assignment] => assignment_taytay
                    [date_transferred] => 2025-07-30
                    [date_ended] => 2025-08-03
                    [last_updated] => 2025-10-10 11:48:46
                    [latitude] => 14.694182
                    [longitude] => 121.021345
                    [days_elapsed] => 72
                    [days_lapses] => 68
                    [days_contract] => 4
                    [last_updated_timestamp] => 1760068126
                    [remarks] => Vehicle should be on QSY in 2025-08-04
                    [source] => devices
                    [is_updated] => 
                    [is_overdue] => 1
                    [is_breakdown] => 
                    [is_days_lapses_null] => 
                )

            [7] => Array
                (
                    [target_name] => MLT - KBF 2633
                    [equipment_type] => Manlift
                    [physical_status] => Operational
                    [assignment] => assignment_dasmarinas
                    [date_transferred] => 2025-07-12
                    [date_ended] => 2025-08-09
                    [last_updated] => 2025-10-10 09:10:12
                    [latitude] => 14.31159
                    [longitude] => 120.94946
                    [days_elapsed] => 90
                    [days_lapses] => 62
                    [days_contract] => 28
                    [last_updated_timestamp] => 1760058612
                    [remarks] => Vehicle should be on QSY in 2025-08-10
                    [source] => devices
                    [is_updated] => 
                    [is_overdue] => 1
                    [is_breakdown] => 
                    [is_days_lapses_null] => 
                )

            [8] => Array
                (
                    [target_name] => S - NAO 8227
                    [equipment_type] => Service
                    [physical_status] => Operational
                    [assignment] => assignment_quirino
                    [date_transferred] => 2025-07-01
                    [date_ended] => 2025-08-31
                    [last_updated] => 2025-10-03 08:02:43
                    [latitude] => 16.02627
                    [longitude] => 120.33645
                    [days_elapsed] => 101
                    [days_lapses] => 40
                    [days_contract] => 61
                    [last_updated_timestamp] => 1759449763
                    [remarks] => Vehicle should be on QSY in 2025-09-01
                    [source] => devices
                    [is_updated] => 
                    [is_overdue] => 1
                    [is_breakdown] => 
                    [is_days_lapses_null] => 
                )

            [9] => Array
                (
                    [target_name] => CRN - KATO 55T
                    [equipment_type] => Crane
                    [physical_status] => Operational
                    [assignment] => assignment_terrasolar
                    [date_transferred] => 2025-07-04
                    [date_ended] => 2025-09-15
                    [last_updated] => 2025-10-10 09:09:07
                    [latitude] => 15.323983
                    [longitude] => 120.935808
                    [days_elapsed] => 98
                    [days_lapses] => 25
                    [days_contract] => 73
                    [last_updated_timestamp] => 1760058547
                    [remarks] => Vehicle should be on QSY in 2025-09-16
                    [source] => devices
                    [is_updated] => 
                    [is_overdue] => 1
                    [is_breakdown] => 
                    [is_days_lapses_null] => 
                )

        )

    [maintenanceVehicles] => Array
        (
            [0] => Array
                (
                    [target_name] => S - NIL 1778 (FX)
                    [equipment_type] => Service
                    [physical_status] => Breakdown
                    [assignment] => assignment_bayombong
                    [date_transferred] => 2025-08-06
                    [date_ended] => 2026-08-06
                    [last_updated] => 2025-10-10 10:07:30
                    [last_updated_timestamp] => 1760062050
                    [days_lapses] => 65
                    [remarks] => Vehicle should be on QSY in 2026-08-07
                    [source] => devices
                    [is_updated] => 
                    [is_overdue] => 1
                    [is_breakdown] => 1
                    [is_days_lapses_null] => 
                )

            [1] => Array
                (
                    [target_name] => S - NKG 5934 (P-UP)
                    [equipment_type] => Service
                    [physical_status] => Operational
                    [assignment] => assignment_pinamucan
                    [date_transferred] => 2025-01-10
                    [date_ended] => 2025-12-31
                    [last_updated] => 2025-10-10 16:13:12
                    [last_updated_timestamp] => 1760083992
                    [days_lapses] => 273
                    [remarks] => Vehicle should be on QSY in 2026-01-01
                    [source] => devices
                    [is_updated] => 
                    [is_overdue] => 1
                    [is_breakdown] => 
                    [is_days_lapses_null] => 
                )

            [2] => Array
                (
                    [target_name] => S - D1987B (TAMARAW)
                    [equipment_type] => Service
                    [physical_status] => Operational
                    [assignment] => assignment_castillejos
                    [date_transferred] => 2025-06-16
                    [date_ended] => 2026-06-13
                    [last_updated] => 2025-10-10 16:12:19
                    [last_updated_timestamp] => 1760083939
                    [days_lapses] => 116
                    [remarks] => Vehicle should be on QSY in 2026-06-14
                    [source] => devices
                    [is_updated] => 
                    [is_overdue] => 1
                    [is_breakdown] => 
                    [is_days_lapses_null] => 
                )

            [3] => Array
                (
                    [target_name] => S - D1991B (TAMARAW)
                    [equipment_type] => Service
                    [physical_status] => Operational
                    [assignment] => assignment_bolo
                    [date_transferred] => 2025-06-16
                    [date_ended] => 2028-06-16
                    [last_updated] => 2025-10-10 16:12:20
                    [last_updated_timestamp] => 1760083940
                    [days_lapses] => 116
                    [remarks] => Vehicle should be on QSY in 2028-06-17
                    [source] => devices
                    [is_updated] => 
                    [is_overdue] => 1
                    [is_breakdown] => 
                    [is_days_lapses_null] => 
                )

            [4] => Array
                (
                    [target_name] => S - D1982B (TAMARAW)
                    [equipment_type] => Service
                    [physical_status] => Operational
                    [assignment] => assignment_terrasolar
                    [date_transferred] => 2025-06-17
                    [date_ended] => 2026-06-17
                    [last_updated] => 2025-10-10 16:12:18
                    [last_updated_timestamp] => 1760083938
                    [days_lapses] => 115
                    [remarks] => Vehicle should be on QSY in 2026-06-18
                    [source] => devices
                    [is_updated] => 
                    [is_overdue] => 1
                    [is_breakdown] => 
                    [is_days_lapses_null] => 
                )

            [5] => Array
                (
                    [target_name] => S - DU904B (TAMARAW)
                    [equipment_type] => Service
                    [physical_status] => Operational
                    [assignment] => assignment_castillejos
                    [date_transferred] => 2025-06-18
                    [date_ended] => 2026-06-18
                    [last_updated] => 2025-10-10 16:12:21
                    [last_updated_timestamp] => 1760083941
                    [days_lapses] => 114
                    [remarks] => Vehicle should be on QSY in 2026-06-19
                    [source] => devices
                    [is_updated] => 
                    [is_overdue] => 1
                    [is_breakdown] => 
                    [is_days_lapses_null] => 
                )

            [6] => Array
                (
                    [target_name] => MDT - KAK 9695
                    [equipment_type] => Mini Dumptruck
                    [physical_status] => Operational
                    [assignment] => assignment_muntinlupa
                    [date_transferred] => 2025-06-19
                    [date_ended] => 2025-06-23
                    [last_updated] => 2025-10-10 09:10:02
                    [last_updated_timestamp] => 1760058602
                    [days_lapses] => 113
                    [remarks] => Vehicle should be on QSY in 2025-06-24
                    [source] => devices
                    [is_updated] => 
                    [is_overdue] => 1
                    [is_breakdown] => 
                    [is_days_lapses_null] => 
                )

            [7] => Array
                (
                    [target_name] => PC200-10M0 #C52087
                    [equipment_type] => Backhoe
                    [physical_status] => Operational
                    [assignment] => assignment_castillejos
                    [date_transferred] => 2025-06-20
                    [date_ended] => 2025-12-30
                    [last_updated] => 2025-10-10 11:31:41
                    [last_updated_timestamp] => 1760067101
                    [days_lapses] => 112
                    [remarks] => Vehicle should be on QSY in 2025-12-31
                    [source] => komtrax
                    [is_updated] => 
                    [is_overdue] => 1
                    [is_breakdown] => 
                    [is_days_lapses_null] => 
                )

            [8] => Array
                (
                    [target_name] => PC200-10M0 #C52121
                    [equipment_type] => Backhoe
                    [physical_status] => Operational
                    [assignment] => assignment_castillejos
                    [date_transferred] => 2025-06-20
                    [date_ended] => 2025-12-30
                    [last_updated] => 2025-10-10 09:23:53
                    [last_updated_timestamp] => 1760059433
                    [days_lapses] => 112
                    [remarks] => Vehicle should be on QSY in 2025-12-31
                    [source] => komtrax
                    [is_updated] => 
                    [is_overdue] => 1
                    [is_breakdown] => 
                    [is_days_lapses_null] => 
                )

            [9] => Array
                (
                    [target_name] => PC200-10M0 #C52653
                    [equipment_type] => Backhoe
                    [physical_status] => Operational
                    [assignment] => assignment_castillejos
                    [date_transferred] => 2025-06-20
                    [date_ended] => 2025-12-30
                    [last_updated] => 2025-10-10 11:47:29
                    [last_updated_timestamp] => 1760068049
                    [days_lapses] => 112
                    [remarks] => Vehicle should be on QSY in 2025-12-31
                    [source] => komtrax
                    [is_updated] => 
                    [is_overdue] => 1
                    [is_breakdown] => 
                    [is_days_lapses_null] => 
                )

        )

    [totalContractCount] => 218
    [totalMaintenanceCount] => 25
    [serverTime] => 1760084724
)
