2026-01-19 13:59:41 - INFO - ================================================================================
2026-01-19 13:59:41 - INFO - Starting Assignment Report Generator
2026-01-19 13:59:41 - INFO - ================================================================================
2026-01-19 13:59:41 - INFO - Connected to MySQL database
2026-01-19 13:59:41 - INFO - Step 1: Retrieving assignment tables...
2026-01-19 13:59:41 - INFO - Found 34 assignment tables
2026-01-19 13:59:41 - INFO - Step 2: Retrieving devices data...
2026-01-19 13:59:41 - INFO - Retrieved 177 devices from database
2026-01-19 13:59:41 - INFO - Step 3: Processing devices and finding assignments...
2026-01-19 13:59:41 - INFO - Processing 1/177: BT - HAA 8566
2026-01-19 13:59:41 - INFO -   Suggested Assignment: Escalante, Negros Occidental
2026-01-19 13:59:41 - INFO - Processing 2/177: BT - JFF 832
2026-01-19 13:59:41 - INFO -   Suggested Assignment: Quirino
2026-01-19 13:59:41 - INFO -   Distance: 0.14 km
2026-01-19 13:59:41 - INFO - Processing 3/177: BT - KAE 4523
2026-01-19 13:59:41 - INFO -   Suggested Assignment: Calaca TL
2026-01-19 13:59:41 - INFO -   Distance: 0.05 km
2026-01-19 13:59:41 - INFO - Processing 4/177: BT - KAE 4547
2026-01-19 13:59:41 - INFO -   Suggested Assignment: Ilijan SS
2026-01-19 13:59:41 - INFO -   Distance: 0.14 km
2026-01-19 13:59:41 - INFO - Processing 5/177: BT - KAE 4548
2026-01-19 13:59:41 - INFO -   Suggested Assignment: Leyte, Eastern Visayas
2026-01-19 13:59:41 - INFO - Processing 6/177: BT - KAE 4549
2026-01-19 13:59:41 - INFO -   Suggested Assignment: Bayombong SS
2026-01-19 13:59:41 - INFO -   Distance: 0.08 km
2026-01-19 13:59:41 - INFO - Processing 7/177: BT - KAJ 8866
2026-01-19 13:59:41 - INFO -   Suggested Assignment: Castillejos TL
2026-01-19 13:59:41 - INFO -   Distance: 1.46 km
2026-01-19 13:59:41 - INFO - Processing 8/177: BT - KAJ 8867
2026-01-19 13:59:41 - INFO -   Suggested Assignment: Quirino
2026-01-19 13:59:41 - INFO -   Distance: 0.06 km
2026-01-19 13:59:41 - INFO - Processing 9/177: BT - KBE 7023
2026-01-19 13:59:41 - INFO -   Suggested Assignment: Bolo
2026-01-19 13:59:41 - INFO -   Distance: 0.3 km
2026-01-19 13:59:41 - INFO - Processing 10/177: BT - KBF 1177
2026-01-19 13:59:41 - INFO -   Suggested Assignment: Paoay
2026-01-19 13:59:41 - INFO -   Distance: 2.08 km
2026-01-19 13:59:41 - INFO - Processing 11/177: BT - MAF 5392
2026-01-19 13:59:41 - INFO -   Suggested Assignment: Negros Oriental, Negros Island Region
2026-01-19 13:59:41 - INFO - Processing 12/177: BT - MAH 2674
2026-01-19 13:59:41 - INFO -   Suggested Assignment: Calaca TL
2026-01-19 13:59:41 - INFO -   Distance: 2.28 km
2026-01-19 13:59:41 - INFO - Processing 13/177: BT - MAJ 3099
2026-01-19 13:59:41 - INFO -   Suggested Assignment: Dangay, Oriental Mindoro
2026-01-19 13:59:41 - INFO - Processing 14/177: BT - MAK 2637
2026-01-19 13:59:41 - INFO -   Suggested Assignment: Calaca TL
2026-01-19 13:59:41 - INFO -   Distance: 0.05 km
2026-01-19 13:59:41 - INFO - Processing 15/177: BT - NCB 4780
2026-01-19 13:59:41 - INFO -   Suggested Assignment: Cebu, Central Visayas
2026-01-19 13:59:41 - INFO - Processing 16/177: BT - NFP 7479
2026-01-19 13:59:41 - INFO -   Suggested Assignment: Samar, Eastern Visayas
2026-01-19 13:59:41 - INFO - Processing 17/177: BT - NGU 4047
2026-01-19 13:59:41 - INFO -   Suggested Assignment: Calaca TL
2026-01-19 13:59:41 - INFO -   Distance: 0.14 km
2026-01-19 13:59:41 - INFO - Processing 18/177: BT - RMA 516
2026-01-19 13:59:41 - INFO -   Suggested Assignment: Castillejos TL
2026-01-19 13:59:41 - INFO -   Distance: 1.52 km
2026-01-19 13:59:41 - INFO - Processing 19/177: BT - RNA 386
2026-01-19 13:59:41 - INFO -   Suggested Assignment: Quirino
2026-01-19 13:59:41 - INFO -   Distance: 0.09 km
2026-01-19 13:59:41 - INFO - Processing 20/177: BT - YLK 710
2026-01-19 13:59:41 - INFO -   Suggested Assignment: Quirino
2026-01-19 13:59:41 - INFO -   Distance: 0.1 km
2026-01-19 13:59:41 - INFO - Processing 21/177: CMT - 1-380089
2026-01-19 13:59:41 - INFO -   Suggested Assignment: Bolo
2026-01-19 13:59:41 - INFO -   Distance: 0.08 km
2026-01-19 13:59:41 - INFO - Processing 22/177: CMT - 2-380090
2026-01-19 13:59:41 - INFO -   Suggested Assignment: Bolo
2026-01-19 13:59:41 - INFO -   Distance: 0.06 km
2026-01-19 13:59:41 - INFO - Processing 23/177: CMT - 3-380091
2026-01-19 13:59:41 - INFO -   Suggested Assignment: Bolo
2026-01-19 13:59:41 - INFO -   Distance: 0.05 km
2026-01-19 13:59:41 - INFO - Processing 24/177: CMT - 4-3890092
2026-01-19 13:59:41 - INFO -   Suggested Assignment: Bolo
2026-01-19 13:59:41 - INFO -   Distance: 0.08 km
2026-01-19 13:59:41 - INFO - Processing 25/177: CMT - 5-3890093
2026-01-19 13:59:41 - INFO -   Suggested Assignment: Bolo
2026-01-19 13:59:41 - INFO -   Distance: 0.28 km
2026-01-19 13:59:41 - INFO - Processing 26/177: CMT - 6-380094
2026-01-19 13:59:41 - INFO -   Suggested Assignment: Castillejos TL
2026-01-19 13:59:41 - INFO -   Distance: 0.07 km
2026-01-19 13:59:41 - INFO - Processing 27/177: CMT - 7-E116
2026-01-19 13:59:41 - INFO -   Suggested Assignment: Pinamucan SS
2026-01-19 13:59:41 - INFO -   Distance: 0.09 km
2026-01-19 13:59:41 - INFO - Processing 28/177: CMT - KBE 7025
2026-01-19 13:59:41 - INFO -   Suggested Assignment: Bolo
2026-01-19 13:59:41 - INFO -   Distance: 0.06 km
2026-01-19 13:59:41 - INFO - Processing 29/177: CRN - KATO 25T
2026-01-19 13:59:41 - INFO -   Suggested Assignment: Terra Solar
2026-01-19 13:59:41 - INFO -   Distance: 0.07 km
2026-01-19 13:59:41 - INFO - Processing 30/177: CRN - KATO 55T
2026-01-19 13:59:41 - INFO -   Suggested Assignment: Terra Solar
2026-01-19 13:59:41 - INFO -   Distance: 0.06 km
2026-01-19 13:59:41 - INFO - Processing 31/177: CRN - PQI 476
2026-01-19 13:59:41 - INFO -   Suggested Assignment: Cadiz SS
2026-01-19 13:59:41 - INFO -   Distance: 0.19 km
2026-01-19 13:59:41 - INFO - Processing 32/177: CRN - UQA 367
2026-01-19 13:59:41 - INFO -   Suggested Assignment: Quirino
2026-01-19 13:59:41 - INFO -   Distance: 0.14 km
2026-01-19 13:59:41 - INFO - Processing 33/177: DT - AAM 5075
2026-01-19 13:59:41 - INFO -   Suggested Assignment: San Jose SS
2026-01-19 13:59:41 - INFO -   Distance: 0.14 km
2026-01-19 13:59:41 - INFO - Processing 34/177: DT - KAJ 3620
2026-01-19 13:59:41 - INFO -   Suggested Assignment: Quirino
2026-01-19 13:59:41 - INFO -   Distance: 0.13 km
2026-01-19 13:59:41 - INFO - Processing 35/177: DT - KAJ 3626
2026-01-19 13:59:41 - INFO -   Suggested Assignment: Negros Occidental, Negros Island Region
2026-01-19 13:59:41 - INFO - Processing 36/177: DT - KAJ 3627
2026-01-19 13:59:41 - INFO -   Suggested Assignment: Leyte, Eastern Visayas
2026-01-19 13:59:41 - INFO - Processing 37/177: DT - KAJ 3739
2026-01-19 13:59:41 - INFO -   Suggested Assignment: Pinamucan SS
2026-01-19 13:59:41 - INFO -   Distance: 0.11 km
2026-01-19 13:59:41 - INFO - Processing 38/177: DT - KAS 2294
2026-01-19 13:59:41 - INFO -   Suggested Assignment: Pinamucan SS
2026-01-19 13:59:41 - INFO -   Distance: 0.45 km
2026-01-19 13:59:41 - INFO - Processing 39/177: DT - KAS 2295
2026-01-19 13:59:41 - INFO -   Suggested Assignment: Bolo
2026-01-19 13:59:41 - INFO -   Distance: 0.28 km
2026-01-19 13:59:41 - INFO - Processing 40/177: DT - KAS 2296
2026-01-19 13:59:41 - INFO -   Suggested Assignment: Pinamucan SS
2026-01-19 13:59:41 - INFO -   Distance: 0.41 km
2026-01-19 13:59:41 - INFO - Processing 41/177: DT - NFQ 1690
2026-01-19 13:59:41 - INFO -   Suggested Assignment: Bolo
2026-01-19 13:59:41 - INFO -   Distance: 0.3 km
2026-01-19 13:59:41 - INFO - Processing 42/177: DT - RNL 845
2026-01-19 13:59:41 - INFO -   Suggested Assignment: Quirino
2026-01-19 13:59:41 - INFO -   Distance: 0.07 km
2026-01-19 13:59:41 - INFO - Processing 43/177: DT - WVQ 508
2026-01-19 13:59:41 - INFO -   Suggested Assignment: Isabel SS
2026-01-19 13:59:41 - INFO -   Distance: 0.21 km
2026-01-19 13:59:41 - INFO - Processing 44/177: ET - AAP 1316
2026-01-19 13:59:41 - INFO -   Suggested Assignment: Calaca TL
2026-01-19 13:59:41 - INFO -   Distance: 0.07 km
2026-01-19 13:59:41 - INFO - Processing 45/177: ET - UBA 845
2026-01-19 13:59:41 - INFO -   Suggested Assignment: Quirino
2026-01-19 13:59:41 - INFO -   Distance: 0.1 km
2026-01-19 13:59:41 - INFO - Processing 46/177: G - 1-135B00095
2026-01-19 13:59:41 - INFO -   Suggested Assignment: Cebu, Central Visayas
2026-01-19 13:59:41 - INFO - Processing 47/177: G -2
2026-01-19 13:59:41 - INFO -   Suggested Assignment: EB Magalona SS
2026-01-19 13:59:41 - INFO -   Distance: 0.02 km
2026-01-19 13:59:41 - INFO - Processing 48/177: H2O - JAD 9830
2026-01-19 13:59:41 - INFO -   Suggested Assignment: Quirino
2026-01-19 13:59:41 - INFO -   Distance: 0.08 km
2026-01-19 13:59:41 - INFO - Processing 49/177: H2O - MAH 8320
2026-01-19 13:59:41 - INFO -   Suggested Assignment: Negros Occidental, Negros Island Region
2026-01-19 13:59:41 - INFO - Processing 50/177: MBH - 287
2026-01-19 13:59:41 - INFO -   Suggested Assignment: Amlan
2026-01-19 13:59:41 - INFO -   Distance: 0.01 km
2026-01-19 13:59:41 - INFO - Processing 51/177: MBH - 333
2026-01-19 13:59:41 - INFO -   Suggested Assignment: Dumanjug SS
2026-01-19 13:59:41 - INFO -   Distance: 0.23 km
2026-01-19 13:59:41 - INFO - Processing 52/177: MBH - CNKA1679
2026-01-19 13:59:41 - INFO -   Suggested Assignment: Pinamucan SS
2026-01-19 13:59:41 - INFO -   Distance: 0.09 km
2026-01-19 13:59:41 - INFO - Processing 53/177: MBH - CSKA06607
2026-01-19 13:59:41 - INFO -   Suggested Assignment: Taytay SS
2026-01-19 13:59:41 - INFO -   Distance: 0.06 km
2026-01-19 13:59:41 - INFO - Processing 54/177: MBH - TRKA065374
2026-01-19 13:59:41 - INFO -   Suggested Assignment: Ilijan SS
2026-01-19 13:59:41 - INFO -   Distance: 0.22 km
2026-01-19 13:59:41 - INFO - Processing 55/177: MBH - VSKA10918
2026-01-19 13:59:41 - INFO -   Suggested Assignment: Hermosa SS
2026-01-19 13:59:41 - INFO -   Distance: 0.09 km
2026-01-19 13:59:41 - INFO - Processing 56/177: MDT - AAV 6960
2026-01-19 13:59:41 - INFO -   Suggested Assignment: Leyte, Eastern Visayas
2026-01-19 13:59:41 - INFO - Processing 57/177: MDT - JAE 1028
2026-01-19 13:59:41 - INFO -   Suggested Assignment: Leyte, Eastern Visayas
2026-01-19 13:59:41 - INFO - Processing 58/177: MDT - KAJ 9696
2026-01-19 13:59:41 - INFO -   Suggested Assignment: Isabel SS
2026-01-19 13:59:41 - INFO -   Distance: 0.22 km
2026-01-19 13:59:41 - INFO - Processing 59/177: MDT - KAK 9680
2026-01-19 13:59:41 - INFO -   Suggested Assignment: Tayabas SS
2026-01-19 13:59:41 - INFO -   Distance: 0.15 km
2026-01-19 13:59:41 - INFO - Processing 60/177: MDT - KAK 9681
2026-01-19 13:59:41 - INFO -   Suggested Assignment: Negros Occidental, Negros Island Region
2026-01-19 13:59:41 - INFO - Processing 61/177: MDT - KAK 9682
2026-01-19 13:59:41 - INFO -   Suggested Assignment: Ilijan SS
2026-01-19 13:59:41 - INFO -   Distance: 0.2 km
2026-01-19 13:59:41 - INFO - Processing 62/177: MDT - KAK 9684
2026-01-19 13:59:41 - INFO -   Suggested Assignment: San Jose SS
2026-01-19 13:59:41 - INFO -   Distance: 0.4 km
2026-01-19 13:59:41 - INFO - Processing 63/177: MDT - KAK 9686
2026-01-19 13:59:41 - INFO -   Suggested Assignment: Calaca TL
2026-01-19 13:59:41 - INFO -   Distance: 0.04 km
2026-01-19 13:59:41 - INFO - Processing 64/177: MDT - KAK 9688
2026-01-19 13:59:41 - INFO -   Suggested Assignment: Maasin SS
2026-01-19 13:59:41 - INFO -   Distance: 0.07 km
2026-01-19 13:59:41 - INFO - Processing 65/177: MDT - KAK 9694
2026-01-19 13:59:41 - INFO -   Suggested Assignment: Amlan
2026-01-19 13:59:41 - INFO -   Distance: 0.01 km
2026-01-19 13:59:41 - INFO - Processing 66/177: MDT - KAK 9695
2026-01-19 13:59:41 - INFO -   Suggested Assignment: Quirino
2026-01-19 13:59:41 - INFO -   Distance: 0.08 km
2026-01-19 13:59:41 - INFO - Processing 67/177: MDT - KAK 9697
2026-01-19 13:59:41 - INFO -   Suggested Assignment: Calaca TL
2026-01-19 13:59:41 - INFO -   Distance: 0.17 km
2026-01-19 13:59:41 - INFO - Processing 68/177: MDT - KBE 7027
2026-01-19 13:59:41 - INFO -   Suggested Assignment: Amlan
2026-01-19 13:59:41 - INFO -   Distance: 0.05 km
2026-01-19 13:59:41 - INFO - Processing 69/177: MDT - MAK 2829
2026-01-19 13:59:41 - INFO -   Suggested Assignment: Banilad SS
2026-01-19 13:59:41 - INFO -   Distance: 0.13 km
2026-01-19 13:59:41 - INFO - Processing 70/177: MDT - NEC 9786
2026-01-19 13:59:41 - INFO -   Suggested Assignment: Calaca TL
2026-01-19 13:59:41 - INFO -   Distance: 0.14 km
2026-01-19 13:59:41 - INFO - Processing 71/177: MDT - WIV 503
2026-01-19 13:59:41 - INFO -   Suggested Assignment: Amlan
2026-01-19 13:59:41 - INFO -   Distance: 0.03 km
2026-01-19 13:59:41 - INFO - Processing 72/177: MDT - WQC 530
2026-01-19 13:59:41 - INFO -   Suggested Assignment: Quirino
2026-01-19 13:59:41 - INFO -   Distance: 0.11 km
2026-01-19 13:59:41 - INFO - Processing 73/177: MLT - KAS 2292
2026-01-19 13:59:41 - INFO -   Suggested Assignment: Nueva Vizcaya, Cagayan Valley
2026-01-19 13:59:41 - INFO - Processing 74/177: MLT - KBE 7024
2026-01-19 13:59:41 - INFO -   Suggested Assignment: Nueva Vizcaya, Cagayan Valley
2026-01-19 13:59:41 - INFO - Processing 75/177: MLT - KBF 2633
2026-01-19 13:59:41 - INFO -   Suggested Assignment: Dasmarinas SS
2026-01-19 13:59:41 - INFO -   Distance: 0.02 km
2026-01-19 13:59:41 - INFO - Processing 76/177: MRR - KV4-II
2026-01-19 13:59:41 - INFO -   Suggested Assignment: EB Magalona SS
2026-01-19 13:59:41 - INFO -   Distance: 0.09 km
2026-01-19 13:59:41 - INFO - Processing 77/177: MRR - TG500
2026-01-19 13:59:41 - INFO -   Suggested Assignment: Isabel SS
2026-01-19 13:59:41 - INFO -   Distance: 0.1 km
2026-01-19 13:59:41 - INFO - Processing 78/177: P - KAN 1247
2026-01-19 13:59:41 - INFO -   Suggested Assignment: Tayabas SS
2026-01-19 13:59:41 - INFO -   Distance: 0.13 km
2026-01-19 13:59:41 - INFO - Processing 79/177: RR - 1 S143J
2026-01-19 13:59:41 - INFO -   Suggested Assignment: Calatrava SS
2026-01-19 13:59:41 - INFO -   Distance: 0.2 km
2026-01-19 13:59:41 - INFO - Processing 80/177: RR - 3 XS143J
2026-01-19 13:59:41 - INFO -   Suggested Assignment: EB Magalona SS
2026-01-19 13:59:41 - INFO -   Distance: 0.01 km
2026-01-19 13:59:41 - INFO - Processing 81/177: RR - S143J
2026-01-19 13:59:41 - INFO -   Suggested Assignment: Pinamucan SS
2026-01-19 13:59:41 - INFO -   Distance: 0.03 km
2026-01-19 13:59:41 - INFO - Processing 82/177: S - AAW 8901
2026-01-19 13:59:41 - INFO -   Suggested Assignment: Salvador, Lanao del Norte
2026-01-19 13:59:41 - INFO - Processing 83/177: S - D1982B (TAMARAW)
2026-01-19 13:59:41 - INFO -   Suggested Assignment: Calaca TL
2026-01-19 13:59:41 - INFO -   Distance: 4.97 km
2026-01-19 13:59:41 - INFO - Processing 84/177: S - D1987B (TAMARAW)
2026-01-19 13:59:41 - INFO -   Suggested Assignment: Pinamucan SS
2026-01-19 13:59:41 - INFO -   Distance: 1.3 km
2026-01-19 13:59:41 - INFO - Processing 85/177: S - D1991B (TAMARAW)
2026-01-19 13:59:41 - INFO -   Suggested Assignment: Bolo
2026-01-19 13:59:41 - INFO -   Distance: 2.36 km
2026-01-19 13:59:41 - INFO - Processing 86/177: S - DU904B (TAMARAW)
2026-01-19 13:59:41 - INFO -   Suggested Assignment: Botolan SS
2026-01-19 13:59:41 - INFO -   Distance: 3.15 km
2026-01-19 13:59:41 - INFO - Processing 87/177: S - FFK 850
2026-01-19 13:59:41 - INFO -   Suggested Assignment: Calatrava SS
2026-01-19 13:59:41 - INFO -   Distance: 2.43 km
2026-01-19 13:59:41 - INFO - Processing 88/177: S - GAS 4199 (INOVA)
2026-01-19 13:59:41 - INFO -   Suggested Assignment: San Jose SS
2026-01-19 13:59:41 - INFO -   Distance: 0.14 km
2026-01-19 13:59:41 - INFO - Processing 89/177: S - GJS 937
2026-01-19 13:59:41 - INFO -   Suggested Assignment: Bulacan, Central Luzon
2026-01-19 13:59:41 - INFO - Processing 90/177: S - LGD 853
2026-01-19 13:59:41 - INFO -   Suggested Assignment: Calaca TL
2026-01-19 13:59:41 - INFO -   Distance: 0.02 km
2026-01-19 13:59:41 - INFO - Processing 91/177: S - NAX 3041
2026-01-19 13:59:41 - INFO -   Suggested Assignment: Lanao del Norte, Northern Mindanao
2026-01-19 13:59:41 - INFO - Processing 92/177: S - NAZ 3423 (FX)
2026-01-19 13:59:41 - INFO -   Suggested Assignment: Cadiz SS
2026-01-19 13:59:41 - INFO -   Distance: 3.57 km
2026-01-19 13:59:41 - INFO - Processing 93/177: S - NBF 6971 (P-UP)
2026-01-19 13:59:41 - INFO -   Suggested Assignment: Bolo
2026-01-19 13:59:41 - INFO -   Distance: 4.92 km
2026-01-19 13:59:41 - INFO - Processing 94/177: S - NBO 2732 (FX)
2026-01-19 13:59:41 - INFO -   Suggested Assignment: Isabel SS
2026-01-19 13:59:41 - INFO -   Distance: 0.15 km
2026-01-19 13:59:41 - INFO - Processing 95/177: S - NBO 4948 (P-UP)
2026-01-19 13:59:41 - INFO -   Suggested Assignment: Pangasinan, Ilocos Region
2026-01-19 13:59:41 - INFO - Processing 96/177: S - NDJ 2285 (INOVA)
2026-01-19 13:59:41 - INFO -   Suggested Assignment: Head Office
2026-01-19 13:59:41 - INFO -   Distance: 2.19 km
2026-01-19 13:59:41 - INFO - Processing 97/177: S - NDP 2213 (P-UP)
2026-01-19 13:59:41 - INFO -   Suggested Assignment: Amlan
2026-01-19 13:59:41 - INFO -   Distance: 0.06 km
2026-01-19 13:59:41 - INFO - Processing 98/177: S - NER 5132 (P-UP)
2026-01-19 13:59:41 - INFO -   Suggested Assignment: Amlan
2026-01-19 13:59:41 - INFO -   Distance: 3.28 km
2026-01-19 13:59:41 - INFO - Processing 99/177: S - NER 5149
2026-01-19 13:59:41 - INFO -   Suggested Assignment: Leyte, Eastern Visayas
2026-01-19 13:59:41 - INFO - Processing 100/177: S - NER 6695 (FX)
2026-01-19 13:59:41 - INFO -   Suggested Assignment: San Jose SS
2026-01-19 13:59:41 - INFO -   Distance: 0.23 km
2026-01-19 13:59:41 - INFO - Processing 101/177: S - NER 6743 (FX)
2026-01-19 13:59:41 - INFO -   Suggested Assignment: Amlan
2026-01-19 13:59:41 - INFO -   Distance: 0.04 km
2026-01-19 13:59:41 - INFO - Processing 102/177: S - NER 6825 (FX)
2026-01-19 13:59:41 - INFO -   Suggested Assignment: Ilocos Norte, Ilocos Region
2026-01-19 13:59:41 - INFO - Processing 103/177: S - NER 9197 (FX)
2026-01-19 13:59:41 - INFO -   Suggested Assignment: Maasin SS
2026-01-19 13:59:41 - INFO -   Distance: 0.09 km
2026-01-19 13:59:41 - INFO - Processing 104/177: S - NFJ 2104 (P-UP)
2026-01-19 13:59:41 - INFO -   Suggested Assignment: Pangasinan, Ilocos Region
2026-01-19 13:59:41 - INFO - Processing 105/177: S - NFK 7361 (FX)
2026-01-19 13:59:41 - INFO -   Suggested Assignment: Calaca SS
2026-01-19 13:59:41 - INFO -   Distance: 0.8 km
2026-01-19 13:59:41 - INFO - Processing 106/177: S - NFK 9367 (FX)
2026-01-19 13:59:41 - INFO -   Suggested Assignment: Calaca TL
2026-01-19 13:59:41 - INFO -   Distance: 0.15 km
2026-01-19 13:59:41 - INFO - Processing 107/177: S - NFL 2242 (FX)
2026-01-19 13:59:41 - INFO -   Suggested Assignment: Leyte, Eastern Visayas
2026-01-19 13:59:41 - INFO - Processing 108/177: S - NFL 9736
2026-01-19 13:59:41 - INFO -   Suggested Assignment: Isabel SS
2026-01-19 13:59:41 - INFO -   Distance: 1.4 km
2026-01-19 13:59:41 - INFO - Processing 109/177: S - NGX 1474 (P-UP)
2026-01-19 13:59:41 - INFO -   Suggested Assignment: Paoay
2026-01-19 13:59:41 - INFO -   Distance: 0.06 km
2026-01-19 13:59:41 - INFO - Processing 110/177: S - NGX 9585 (P-UP)
2026-01-19 13:59:42 - INFO -   Suggested Assignment: Batangas, Calabarzon
2026-01-19 13:59:42 - INFO - Processing 111/177: S - NIB 3802 (DMAX)
2026-01-19 13:59:42 - INFO -   Suggested Assignment: Cadiz SS
2026-01-19 13:59:42 - INFO -   Distance: 3.35 km
2026-01-19 13:59:42 - INFO - Processing 112/177: S - NIE 4645 (INOVA)
2026-01-19 13:59:42 - INFO -   Suggested Assignment: Dasmarinas SS
2026-01-19 13:59:42 - INFO -   Distance: 0.54 km
2026-01-19 13:59:42 - INFO - Processing 113/177: S - NIE 7803 (INOVA)
2026-01-19 13:59:42 - INFO -   Suggested Assignment: Botolan SS
2026-01-19 13:59:42 - INFO -   Distance: 0.27 km
2026-01-19 13:59:42 - INFO - Processing 114/177: S - NIE 7804 (INOVA)
2026-01-19 13:59:42 - INFO -   Suggested Assignment: Hermosa SS
2026-01-19 13:59:42 - INFO -   Distance: 0.06 km
2026-01-19 13:59:42 - INFO - Processing 115/177: S - NIE 8987 (INOVA)
2026-01-19 13:59:42 - INFO -   Suggested Assignment: Tayabas SS
2026-01-19 13:59:42 - INFO -   Distance: 0.17 km
2026-01-19 13:59:42 - INFO - Processing 116/177: S - NIE 8988 (INOVA)
2026-01-19 13:59:42 - INFO -   Suggested Assignment: Nueva Vizcaya, Cagayan Valley
2026-01-19 13:59:42 - INFO - Processing 117/177: S - NIE 8989 (INOVA)
2026-01-19 13:59:42 - INFO -   Suggested Assignment: Amlan
2026-01-19 13:59:42 - INFO -   Distance: 0.07 km
2026-01-19 13:59:42 - INFO - Processing 118/177: S - NIG 9368 (LTACE)
2026-01-19 13:59:42 - INFO -   Suggested Assignment: Binan SS
2026-01-19 13:59:42 - INFO -   Distance: 0.14 km
2026-01-19 13:59:42 - INFO - Processing 119/177: S - NIH 2946 (LTACE)
2026-01-19 13:59:42 - INFO -   Suggested Assignment: Calaca TL
2026-01-19 13:59:42 - INFO -   Distance: 2.95 km
2026-01-19 13:59:42 - INFO - Processing 120/177: S - NIH 5592 (LTACE)
2026-01-19 13:59:42 - INFO -   Suggested Assignment: Dasmarinas SS
2026-01-19 13:59:42 - INFO -   Distance: 0.18 km
2026-01-19 13:59:42 - INFO - Processing 121/177: S - NIH 9850 (LTACE)
2026-01-19 13:59:42 - INFO -   Suggested Assignment: Bayombong SS
2026-01-19 13:59:42 - INFO -   Distance: 0.12 km
2026-01-19 13:59:42 - INFO - Processing 122/177: S - NII 6049 (P-UP)
2026-01-19 13:59:42 - INFO -   Suggested Assignment: Negros Occidental, Negros Island Region
2026-01-19 13:59:42 - INFO - Processing 123/177: S - NII 6050 (P-UP)
2026-01-19 13:59:42 - INFO -   Suggested Assignment: Batangas, Calabarzon
2026-01-19 13:59:42 - INFO - Processing 124/177: S - NII 6801 (LTACE)
2026-01-19 13:59:42 - INFO -   Suggested Assignment: Pampanga, Central Luzon
2026-01-19 13:59:42 - INFO - Processing 125/177: S - NII 9616 (INOVA)
2026-01-19 13:59:42 - INFO -   Suggested Assignment: Quirino
2026-01-19 13:59:42 - INFO -   Distance: 0.07 km
2026-01-19 13:59:42 - INFO - Processing 126/177: S - NIJ 3629 (INOVA)
2026-01-19 13:59:42 - INFO -   Suggested Assignment: Quirino
2026-01-19 13:59:42 - INFO -   Distance: 3.18 km
2026-01-19 13:59:42 - INFO - Processing 127/177: S - NIJ 5997 (HIACE)
2026-01-19 13:59:42 - INFO -   Suggested Assignment: Head Office
2026-01-19 13:59:42 - INFO -   Distance: 0.56 km
2026-01-19 13:59:42 - INFO - Processing 128/177: S - NIL 1776 (FX)
2026-01-19 13:59:42 - INFO -   Suggested Assignment: Leyte, Eastern Visayas
2026-01-19 13:59:42 - INFO - Processing 129/177: S - NIL 1777 (FX)
2026-01-19 13:59:42 - INFO -   Suggested Assignment: Pangasinan, Ilocos Region
2026-01-19 13:59:42 - INFO - Processing 130/177: S - NIL 1778 (FX)
2026-01-19 13:59:42 - INFO -   Suggested Assignment: Nueva Vizcaya, Cagayan Valley
2026-01-19 13:59:42 - INFO - Processing 131/177: S - NIM 3732 (FX)
2026-01-19 13:59:42 - INFO -   Suggested Assignment: Terra Solar
2026-01-19 13:59:42 - INFO -   Distance: 0.53 km
2026-01-19 13:59:42 - INFO - Processing 132/177: S - NKA 3978 (FX)
2026-01-19 13:59:42 - INFO -   Suggested Assignment: Calaca TL
2026-01-19 13:59:42 - INFO -   Distance: 0.51 km
2026-01-19 13:59:42 - INFO - Processing 133/177: S - NKA 3980 (FX)
2026-01-19 13:59:42 - INFO -   Suggested Assignment: San Jose SS
2026-01-19 13:59:42 - INFO -   Distance: 0.21 km
2026-01-19 13:59:42 - INFO - Processing 134/177: S - NKE 7796 (FX)
2026-01-19 13:59:42 - INFO -   Suggested Assignment: Quirino
2026-01-19 13:59:42 - INFO -   Distance: 0.07 km
2026-01-19 13:59:42 - INFO - Processing 135/177: S - NKG 5811 (P-UP)
2026-01-19 13:59:42 - INFO -   Suggested Assignment: Terra Solar
2026-01-19 13:59:42 - INFO -   Distance: 0.33 km
2026-01-19 13:59:42 - INFO - Processing 136/177: S - NKG 5934 (P-UP)
2026-01-19 13:59:42 - INFO -   Suggested Assignment: Quirino
2026-01-19 13:59:42 - INFO -   Distance: 2.98 km
2026-01-19 13:59:42 - INFO - Processing 137/177: S - NKJ 8933 (P-UP)
2026-01-19 13:59:42 - INFO -   Suggested Assignment: Castillejos TL
2026-01-19 13:59:42 - INFO -   Distance: 0.11 km
2026-01-19 13:59:42 - INFO - Processing 138/177: S - NKJ 9173 (P-UP)
2026-01-19 13:59:42 - INFO -   Suggested Assignment: Quirino
2026-01-19 13:59:42 - INFO -   Distance: 2.47 km
2026-01-19 13:59:42 - INFO - Processing 139/177: S - NKJ 9478 (P-UP)
2026-01-19 13:59:42 - INFO -   Suggested Assignment: Pangasinan, Ilocos Region
2026-01-19 13:59:42 - INFO - Processing 140/177: S - NKJ 9753 (P-UP)
2026-01-19 13:59:42 - INFO -   Suggested Assignment: Bolo
2026-01-19 13:59:42 - INFO -   Distance: 0.29 km
2026-01-19 13:59:42 - INFO - Processing 141/177: S - NKP 3173 (P-UP)
2026-01-19 13:59:42 - INFO -   Suggested Assignment: Zambales, Central Luzon
2026-01-19 13:59:42 - INFO - Processing 142/177: S - NQX 856
2026-01-19 13:59:42 - INFO -   Suggested Assignment: Negros Occidental, Negros Island Region
2026-01-19 13:59:42 - INFO - Processing 143/177: S - PXI 203 (INOVA)
2026-01-19 13:59:42 - INFO -   Suggested Assignment: Calaca TL
2026-01-19 13:59:42 - INFO -   Distance: 0.16 km
2026-01-19 13:59:42 - INFO - Processing 144/177: S - PXI 341
2026-01-19 13:59:42 - INFO -   Suggested Assignment: Negros Occidental, Negros Island Region
2026-01-19 13:59:42 - INFO - Processing 145/177: S - SBD 99
2026-01-19 13:59:42 - INFO -   Suggested Assignment: Nueva Ecija, Central Luzon
2026-01-19 13:59:42 - INFO - Processing 146/177: S - SPC 17 (INOVA)
2026-01-19 13:59:42 - INFO -   Suggested Assignment: Calatrava SS
2026-01-19 13:59:42 - INFO -   Distance: 1.57 km
2026-01-19 13:59:42 - INFO - Processing 147/177: S - URB 214
2026-01-19 13:59:42 - INFO -   Suggested Assignment: Davao City, Davao Region
2026-01-19 13:59:42 - INFO - Processing 148/177: S - XL881A (P-UP)
2026-01-19 13:59:42 - INFO -   Suggested Assignment: Botolan SS
2026-01-19 13:59:42 - INFO -   Distance: 3.6 km
2026-01-19 13:59:42 - INFO - Processing 149/177: S - XRB 112 (L300)
2026-01-19 13:59:42 - INFO -   Suggested Assignment: Calaca TL
2026-01-19 13:59:42 - INFO -   Distance: 0.13 km
2026-01-19 13:59:42 - INFO - Processing 150/177: SD - MBH - IHI
2026-01-19 13:59:42 - INFO -   Suggested Assignment: Cadiz SS
2026-01-19 13:59:42 - INFO -   Distance: 0.06 km
2026-01-19 13:59:42 - INFO - Processing 151/177: SD - MDT - KAK 9692
2026-01-19 13:59:42 - INFO -   Suggested Assignment: Salvador, Lanao del Norte
2026-01-19 13:59:42 - INFO - Processing 152/177: SD - S - CHEVROLET
2026-01-19 13:59:42 - INFO -   Suggested Assignment: Isabel SS
2026-01-19 13:59:42 - INFO -   Distance: 1.24 km
2026-01-19 13:59:42 - INFO - Processing 153/177: SD - S - NAO 8227
2026-01-19 13:59:42 - INFO -   Suggested Assignment: Pangasinan, Ilocos Region
2026-01-19 13:59:42 - INFO - Processing 154/177: SKD - BOBCAT S130
2026-01-19 13:59:42 - INFO -   Suggested Assignment: Dumanjug SS
2026-01-19 13:59:42 - INFO -   Distance: 0.14 km
2026-01-19 13:59:42 - INFO - Processing 155/177: SKD - BOBCAT S150
2026-01-19 13:59:42 - INFO -   Suggested Assignment: Salvador, Lanao del Norte
2026-01-19 13:59:42 - INFO - Processing 156/177: SLD - KAE 6026
2026-01-19 13:59:42 - INFO -   Suggested Assignment: Calaca TL
2026-01-19 13:59:42 - INFO -   Distance: 0.04 km
2026-01-19 13:59:42 - INFO - Processing 157/177: SLD - KAE 6027
2026-01-19 13:59:42 - INFO -   Suggested Assignment: Quirino
2026-01-19 13:59:42 - INFO -   Distance: 0.07 km
2026-01-19 13:59:42 - INFO - Processing 158/177: SLD - KAE 6028
2026-01-19 13:59:42 - INFO -   Suggested Assignment: Castillejos TL
2026-01-19 13:59:42 - INFO -   Distance: 1.71 km
2026-01-19 13:59:42 - INFO - Processing 159/177: SLD - KAE 6029
2026-01-19 13:59:42 - INFO -   Suggested Assignment: Terra Solar
2026-01-19 13:59:42 - INFO -   Distance: 0.12 km
2026-01-19 13:59:42 - INFO - Processing 160/177: SLD - NCR 7275
2026-01-19 13:59:42 - INFO -   Suggested Assignment: Bolo
2026-01-19 13:59:42 - INFO -   Distance: 0.17 km
2026-01-19 13:59:42 - INFO - Processing 161/177: SLD - NDP 1833
2026-01-19 13:59:42 - INFO -   Suggested Assignment: Amlan
2026-01-19 13:59:42 - INFO -   Distance: 0.03 km
2026-01-19 13:59:42 - INFO - Processing 162/177: ST - MFG 773
2026-01-19 13:59:42 - INFO -   Suggested Assignment: Calaca TL
2026-01-19 13:59:42 - INFO -   Distance: 0.07 km
2026-01-19 13:59:42 - INFO - Processing 163/177: ST - NBP 9217
2026-01-19 13:59:42 - INFO -   Suggested Assignment: Calaca TL
2026-01-19 13:59:42 - INFO -   Distance: 0.28 km
2026-01-19 13:59:42 - INFO - Processing 164/177: ST - NCA 2535
2026-01-19 13:59:42 - INFO -   Suggested Assignment: Calaca TL
2026-01-19 13:59:42 - INFO -   Distance: 0.02 km
2026-01-19 13:59:42 - INFO - Processing 165/177: TH - CAG 6031
2026-01-19 13:59:42 - INFO -   Suggested Assignment: Castillejos TL
2026-01-19 13:59:42 - INFO -   Distance: 1.58 km
2026-01-19 13:59:42 - INFO - Processing 166/177: TH - KBA 5796
2026-01-19 13:59:42 - INFO -   Suggested Assignment: Terra Solar
2026-01-19 13:59:42 - INFO -   Distance: 0.14 km
2026-01-19 13:59:42 - INFO - Processing 167/177: TH - KBF 1176
2026-01-19 13:59:42 - INFO -   Suggested Assignment: Zambales, Central Luzon
2026-01-19 13:59:42 - INFO - Processing 168/177: TH - RNW 417
2026-01-19 13:59:42 - INFO -   Suggested Assignment: Calaca TL
2026-01-19 13:59:42 - INFO -   Distance: 0.05 km
2026-01-19 13:59:42 - INFO - Processing 169/177: WLD - B03066
2026-01-19 13:59:42 - INFO -   Suggested Assignment: Pinamucan SS
2026-01-19 13:59:42 - INFO -   Distance: 0.13 km
2026-01-19 13:59:42 - INFO - Processing 170/177: WLD - B03386
2026-01-19 13:59:42 - INFO -   Suggested Assignment: Bolo
2026-01-19 13:59:42 - INFO -   Distance: 1.69 km
2026-01-19 13:59:42 - INFO - Processing 171/177: WLD - B15101
2026-01-19 13:59:42 - INFO -   Suggested Assignment: Bolo
2026-01-19 13:59:42 - INFO -   Distance: 0.26 km
2026-01-19 13:59:42 - INFO - Processing 172/177: WLD - WA200
2026-01-19 13:59:42 - INFO -   Suggested Assignment: Quirino
2026-01-19 13:59:42 - INFO -   Distance: 0.12 km
2026-01-19 13:59:42 - INFO - Processing 173/177: WLD 1 LW500FN1
2026-01-19 13:59:42 - INFO -   Suggested Assignment: Calaca TL
2026-01-19 13:59:42 - INFO -   Distance: 0.13 km
2026-01-19 13:59:42 - INFO - Processing 174/177: WLD 2 500FN2
2026-01-19 13:59:42 - INFO -   Suggested Assignment: Pinamucan SS
2026-01-19 13:59:42 - INFO -   Distance: 0.11 km
2026-01-19 13:59:42 - INFO - Processing 175/177: WLD 3 500FN3
2026-01-19 13:59:42 - INFO -   Suggested Assignment: Quirino
2026-01-19 13:59:42 - INFO -   Distance: 0.1 km
2026-01-19 13:59:42 - INFO - Processing 176/177: S - NKP 3172 (P-UP)
2026-01-19 13:59:42 - INFO -   Suggested Assignment: Botolan SS
2026-01-19 13:59:42 - INFO -   Distance: 3.6 km
2026-01-19 13:59:42 - INFO - Processing 177/177: BT - (HOWO 1330)
2026-01-19 13:59:42 - INFO -   Suggested Assignment: Castillejos TL
2026-01-19 13:59:42 - INFO -   Distance: 1.52 km
2026-01-19 13:59:42 - INFO - Step 4: Exporting 177 records to Excel...
2026-01-19 13:59:44 - INFO - Successfully exported to C:\xampp\htdocs\assignment_report_20260119_135942.xlsx
2026-01-19 13:59:44 - INFO - SUCCESS: Assignment report exported to C:\xampp\htdocs\assignment_report_20260119_135942.xlsx
2026-01-19 13:59:44 - INFO - Total records processed: 177
2026-01-19 13:59:44 - INFO - Database connection closed
2026-01-19 13:59:44 - INFO - Script completed
