2026-01-09 17:40:52 - INFO - ================================================================================
2026-01-09 17:40:52 - INFO - Starting Assignment Checker Script
2026-01-09 17:40:52 - INFO - ================================================================================
2026-01-09 17:40:52 - INFO - Connected to MySQL database
2026-01-09 17:40:52 - INFO - 
Step 1: Retrieving assignment tables...
2026-01-09 17:40:52 - INFO - Found 33 assignment tables
2026-01-09 17:40:52 - INFO - 
Step 2: Retrieving devices data...
2026-01-09 17:40:52 - INFO - Retrieved 176 devices from database
2026-01-09 17:40:53 - INFO - 
Step 3: Processing devices and finding assignments...
2026-01-09 17:40:53 - INFO - Processing 1/176: BT - (HOWO 1330)
2026-01-09 17:40:53 - INFO -   Suggested Assignment: Castillejos
2026-01-09 17:40:53 - INFO -   Distance: 1.52 km
2026-01-09 17:40:53 - INFO - Processing 2/176: BT - HAA 8566
2026-01-09 17:40:53 - INFO -   Suggested Assignment: Escalante, Negros Occidental
2026-01-09 17:40:53 - INFO - Processing 3/176: BT - JFF 832
2026-01-09 17:40:53 - INFO -   Suggested Assignment: Quirino
2026-01-09 17:40:53 - INFO -   Distance: 0.14 km
2026-01-09 17:40:53 - INFO - Processing 4/176: BT - KAE 4523
2026-01-09 17:40:53 - INFO -   Suggested Assignment: Hermosa
2026-01-09 17:40:53 - INFO -   Distance: 0.33 km
2026-01-09 17:40:53 - INFO - Processing 5/176: BT - KAE 4547
2026-01-09 17:40:53 - INFO -   Suggested Assignment: Calacatl
2026-01-09 17:40:53 - INFO -   Distance: 0.08 km
2026-01-09 17:40:53 - INFO - Processing 6/176: BT - KAE 4548
2026-01-09 17:40:53 - INFO -   Suggested Assignment: Leyte, Eastern Visayas
2026-01-09 17:40:53 - INFO - Processing 7/176: BT - KAE 4549
2026-01-09 17:40:53 - INFO -   Suggested Assignment: Bolo
2026-01-09 17:40:53 - INFO -   Distance: 4.45 km
2026-01-09 17:40:53 - INFO - Processing 8/176: BT - KAJ 8866
2026-01-09 17:40:53 - INFO -   Suggested Assignment: Castillejos
2026-01-09 17:40:53 - INFO -   Distance: 0.16 km
2026-01-09 17:40:53 - INFO - Processing 9/176: BT - KAJ 8867
2026-01-09 17:40:53 - INFO -   Suggested Assignment: Eastern Manila District, Metro Manila
2026-01-09 17:40:53 - INFO - Processing 10/176: BT - KBE 7023
2026-01-09 17:40:53 - INFO -   Suggested Assignment: Bolo
2026-01-09 17:40:53 - INFO -   Distance: 0.3 km
2026-01-09 17:40:53 - INFO - Processing 11/176: BT - KBF 1177
2026-01-09 17:40:53 - INFO -   Suggested Assignment: Bolo
2026-01-09 17:40:53 - INFO -   Distance: 0.3 km
2026-01-09 17:40:53 - INFO - Processing 12/176: BT - MAF 5392
2026-01-09 17:40:53 - INFO -   Suggested Assignment: Negros Oriental, Negros Island Region
2026-01-09 17:40:53 - INFO - Processing 13/176: BT - MAH 2674
2026-01-09 17:40:53 - INFO -   Suggested Assignment: Calacatl
2026-01-09 17:40:53 - INFO -   Distance: 0.07 km
2026-01-09 17:40:53 - INFO - Processing 14/176: BT - MAJ 3099
2026-01-09 17:40:53 - INFO -   Suggested Assignment: Dangay, Oriental Mindoro
2026-01-09 17:40:53 - INFO - Processing 15/176: BT - MAK 2637
2026-01-09 17:40:53 - INFO -   Suggested Assignment: Calacatl
2026-01-09 17:40:53 - INFO -   Distance: 0.05 km
2026-01-09 17:40:53 - INFO - Processing 16/176: BT - NCB 4780
2026-01-09 17:40:53 - INFO -   Suggested Assignment: Cebu, Central Visayas
2026-01-09 17:40:53 - INFO - Processing 17/176: BT - NFP 7479
2026-01-09 17:40:53 - INFO -   Suggested Assignment: Samar, Eastern Visayas
2026-01-09 17:40:53 - INFO - Processing 18/176: BT - NGU 4047
2026-01-09 17:40:53 - INFO -   Suggested Assignment: Quirino
2026-01-09 17:40:53 - INFO -   Distance: 0.14 km
2026-01-09 17:40:53 - INFO - Processing 19/176: BT - RMA 516
2026-01-09 17:40:53 - INFO -   Suggested Assignment: Castillejos
2026-01-09 17:40:53 - INFO -   Distance: 1.52 km
2026-01-09 17:40:53 - INFO - Processing 20/176: BT - RNA 386
2026-01-09 17:40:53 - INFO -   Suggested Assignment: Quirino
2026-01-09 17:40:53 - INFO -   Distance: 0.09 km
2026-01-09 17:40:53 - INFO - Processing 21/176: BT - YLK 710
2026-01-09 17:40:53 - INFO -   Suggested Assignment: Quirino
2026-01-09 17:40:53 - INFO -   Distance: 0.1 km
2026-01-09 17:40:53 - INFO - Processing 22/176: CMT - 1-380089
2026-01-09 17:40:53 - INFO -   Suggested Assignment: Bolo
2026-01-09 17:40:53 - INFO -   Distance: 0.08 km
2026-01-09 17:40:53 - INFO - Processing 23/176: CMT - 2-380090
2026-01-09 17:40:53 - INFO -   Suggested Assignment: Bolo
2026-01-09 17:40:53 - INFO -   Distance: 0.08 km
2026-01-09 17:40:53 - INFO - Processing 24/176: CMT - 3-380091
2026-01-09 17:40:53 - INFO -   Suggested Assignment: Bolo
2026-01-09 17:40:53 - INFO -   Distance: 0.05 km
2026-01-09 17:40:53 - INFO - Processing 25/176: CMT - 4-3890092
2026-01-09 17:40:53 - INFO -   Suggested Assignment: Bolo
2026-01-09 17:40:53 - INFO -   Distance: 0.08 km
2026-01-09 17:40:53 - INFO - Processing 26/176: CMT - 5-3890093
2026-01-09 17:40:53 - INFO -   Suggested Assignment: Bolo
2026-01-09 17:40:53 - INFO -   Distance: 0.28 km
2026-01-09 17:40:53 - INFO - Processing 27/176: CMT - 6-380094
2026-01-09 17:40:53 - INFO -   Suggested Assignment: Bolo
2026-01-09 17:40:53 - INFO -   Distance: 0.06 km
2026-01-09 17:40:53 - INFO - Processing 28/176: CMT - 7-E116
2026-01-09 17:40:53 - INFO -   Suggested Assignment: Pinamucan
2026-01-09 17:40:53 - INFO -   Distance: 0.09 km
2026-01-09 17:40:53 - INFO - Processing 29/176: CMT - KBE 7025
2026-01-09 17:40:53 - INFO -   Suggested Assignment: Bolo
2026-01-09 17:40:53 - INFO -   Distance: 0.06 km
2026-01-09 17:40:53 - INFO - Processing 30/176: CRN - KATO 25T
2026-01-09 17:40:53 - INFO -   Suggested Assignment: Terrasolar
2026-01-09 17:40:53 - INFO -   Distance: 0.07 km
2026-01-09 17:40:53 - INFO - Processing 31/176: CRN - KATO 55T
2026-01-09 17:40:53 - INFO -   Suggested Assignment: Terrasolar
2026-01-09 17:40:53 - INFO -   Distance: 0.06 km
2026-01-09 17:40:53 - INFO - Processing 32/176: CRN - PQI 476
2026-01-09 17:40:53 - INFO -   Suggested Assignment: Cadiz
2026-01-09 17:40:53 - INFO -   Distance: 0.19 km
2026-01-09 17:40:53 - INFO - Processing 33/176: CRN - UQA 367
2026-01-09 17:40:53 - INFO -   Suggested Assignment: Quirino
2026-01-09 17:40:53 - INFO -   Distance: 0.14 km
2026-01-09 17:40:53 - INFO - Processing 34/176: DT - AAM 5075
2026-01-09 17:40:53 - INFO -   Suggested Assignment: Sanjose
2026-01-09 17:40:53 - INFO -   Distance: 0.14 km
2026-01-09 17:40:53 - INFO - Processing 35/176: DT - KAJ 3620
2026-01-09 17:40:53 - INFO -   Suggested Assignment: Quirino
2026-01-09 17:40:53 - INFO -   Distance: 0.13 km
2026-01-09 17:40:53 - INFO - Processing 36/176: DT - KAJ 3626
2026-01-09 17:40:53 - INFO -   Suggested Assignment: Negros Occidental, Negros Island Region
2026-01-09 17:40:53 - INFO - Processing 37/176: DT - KAJ 3627
2026-01-09 17:40:53 - INFO -   Suggested Assignment: Isabel
2026-01-09 17:40:53 - INFO -   Distance: 0.21 km
2026-01-09 17:40:53 - INFO - Processing 38/176: DT - KAJ 3739
2026-01-09 17:40:53 - INFO -   Suggested Assignment: Pinamucan
2026-01-09 17:40:53 - INFO -   Distance: 0.11 km
2026-01-09 17:40:53 - INFO - Processing 39/176: DT - KAS 2294
2026-01-09 17:40:53 - INFO -   Suggested Assignment: Pinamucan
2026-01-09 17:40:53 - INFO -   Distance: 0.06 km
2026-01-09 17:40:53 - INFO - Processing 40/176: DT - KAS 2295
2026-01-09 17:40:53 - INFO -   Suggested Assignment: Bolo
2026-01-09 17:40:53 - INFO -   Distance: 0.15 km
2026-01-09 17:40:53 - INFO - Processing 41/176: DT - KAS 2296
2026-01-09 17:40:53 - INFO -   Suggested Assignment: Pinamucan
2026-01-09 17:40:53 - INFO -   Distance: 0.33 km
2026-01-09 17:40:53 - INFO - Processing 42/176: DT - NFQ 1690
2026-01-09 17:40:53 - INFO -   Suggested Assignment: Bolo
2026-01-09 17:40:53 - INFO -   Distance: 0.3 km
2026-01-09 17:40:53 - INFO - Processing 43/176: DT - RNL 845
2026-01-09 17:40:53 - INFO -   Suggested Assignment: Quirino
2026-01-09 17:40:53 - INFO -   Distance: 0.07 km
2026-01-09 17:40:53 - INFO - Processing 44/176: DT - WVQ 508
2026-01-09 17:40:53 - INFO -   Suggested Assignment: Isabel
2026-01-09 17:40:53 - INFO -   Distance: 0.21 km
2026-01-09 17:40:53 - INFO - Processing 45/176: ET - AAP 1316
2026-01-09 17:40:54 - INFO -   Suggested Assignment: Calacatl
2026-01-09 17:40:54 - INFO -   Distance: 0.07 km
2026-01-09 17:40:54 - INFO - Processing 46/176: ET - UBA 845
2026-01-09 17:40:54 - INFO -   Suggested Assignment: Quirino
2026-01-09 17:40:54 - INFO -   Distance: 0.1 km
2026-01-09 17:40:54 - INFO - Processing 47/176: G - 1-135B00095
2026-01-09 17:40:54 - INFO -   Suggested Assignment: Cebu, Central Visayas
2026-01-09 17:40:54 - INFO - Processing 48/176: G -2
2026-01-09 17:40:54 - INFO -   Suggested Assignment: Ebmagalona
2026-01-09 17:40:54 - INFO -   Distance: 0.02 km
2026-01-09 17:40:54 - INFO - Processing 49/176: H2O - JAD 9830
2026-01-09 17:40:54 - INFO -   Suggested Assignment: Quirino
2026-01-09 17:40:54 - INFO -   Distance: 0.08 km
2026-01-09 17:40:54 - INFO - Processing 50/176: H2O - MAH 8320
2026-01-09 17:40:54 - INFO -   Suggested Assignment: Negros Occidental, Negros Island Region
2026-01-09 17:40:54 - INFO - Processing 51/176: MBH - 287
2026-01-09 17:40:54 - INFO -   Suggested Assignment: Cadiz
2026-01-09 17:40:54 - INFO -   Distance: 0.05 km
2026-01-09 17:40:54 - INFO - Processing 52/176: MBH - 333
2026-01-09 17:40:54 - INFO -   Suggested Assignment: Dumanjug
2026-01-09 17:40:54 - INFO -   Distance: 0.23 km
2026-01-09 17:40:54 - INFO - Processing 53/176: MBH - CNKA1679
2026-01-09 17:40:54 - INFO -   Suggested Assignment: Pinamucan
2026-01-09 17:40:54 - INFO -   Distance: 0.09 km
2026-01-09 17:40:54 - INFO - Processing 54/176: MBH - CSKA06607
2026-01-09 17:40:54 - INFO -   Suggested Assignment: Taytay
2026-01-09 17:40:54 - INFO -   Distance: 0.06 km
2026-01-09 17:40:54 - INFO - Processing 55/176: MBH - TRKA065374
2026-01-09 17:40:54 - INFO -   Suggested Assignment: Ilijan
2026-01-09 17:40:54 - INFO -   Distance: 0.14 km
2026-01-09 17:40:54 - INFO - Processing 56/176: MBH - VSKA10918
2026-01-09 17:40:54 - INFO -   Suggested Assignment: Sanjose
2026-01-09 17:40:54 - INFO -   Distance: 0.14 km
2026-01-09 17:40:54 - INFO - Processing 57/176: MDT - AAV 6960
2026-01-09 17:40:54 - INFO -   Suggested Assignment: Leyte, Eastern Visayas
2026-01-09 17:40:54 - INFO - Processing 58/176: MDT - JAE 1028
2026-01-09 17:40:54 - INFO -   Suggested Assignment: Leyte, Eastern Visayas
2026-01-09 17:40:54 - INFO - Processing 59/176: MDT - KAJ 9696
2026-01-09 17:40:54 - INFO -   Suggested Assignment: Isabel
2026-01-09 17:40:54 - INFO -   Distance: 0.22 km
2026-01-09 17:40:54 - INFO - Processing 60/176: MDT - KAK 9680
2026-01-09 17:40:54 - INFO -   Suggested Assignment: Tayabas
2026-01-09 17:40:54 - INFO -   Distance: 0.15 km
2026-01-09 17:40:54 - INFO - Processing 61/176: MDT - KAK 9681
2026-01-09 17:40:54 - INFO -   Suggested Assignment: Negros Occidental, Negros Island Region
2026-01-09 17:40:54 - INFO - Processing 62/176: MDT - KAK 9682
2026-01-09 17:40:54 - INFO -   Suggested Assignment: Ilijan
2026-01-09 17:40:54 - INFO -   Distance: 0.2 km
2026-01-09 17:40:54 - INFO - Processing 63/176: MDT - KAK 9684
2026-01-09 17:40:54 - INFO -   Suggested Assignment: Sanjose
2026-01-09 17:40:54 - INFO -   Distance: 0.1 km
2026-01-09 17:40:54 - INFO - Processing 64/176: MDT - KAK 9686
2026-01-09 17:40:54 - INFO -   Suggested Assignment: Calacatl
2026-01-09 17:40:54 - INFO -   Distance: 0.14 km
2026-01-09 17:40:54 - INFO - Processing 65/176: MDT - KAK 9688
2026-01-09 17:40:54 - INFO -   Suggested Assignment: Maasin
2026-01-09 17:40:54 - INFO -   Distance: 1.35 km
2026-01-09 17:40:54 - INFO - Processing 66/176: MDT - KAK 9694
2026-01-09 17:40:54 - INFO -   Suggested Assignment: Amlan
2026-01-09 17:40:54 - INFO -   Distance: 0.01 km
2026-01-09 17:40:54 - INFO - Processing 67/176: MDT - KAK 9695
2026-01-09 17:40:54 - INFO -   Suggested Assignment: Quirino
2026-01-09 17:40:54 - INFO -   Distance: 0.08 km
2026-01-09 17:40:54 - INFO - Processing 68/176: MDT - KAK 9697
2026-01-09 17:40:54 - INFO -   Suggested Assignment: Calacatl
2026-01-09 17:40:54 - INFO -   Distance: 0.17 km
2026-01-09 17:40:54 - INFO - Processing 69/176: MDT - KBE 7027
2026-01-09 17:40:54 - INFO -   Suggested Assignment: Amlan
2026-01-09 17:40:54 - INFO -   Distance: 0.1 km
2026-01-09 17:40:54 - INFO - Processing 70/176: MDT - MAK 2829
2026-01-09 17:40:54 - INFO -   Suggested Assignment: Banilad
2026-01-09 17:40:54 - INFO -   Distance: 0.13 km
2026-01-09 17:40:54 - INFO - Processing 71/176: MDT - NEC 9786
2026-01-09 17:40:54 - INFO -   Suggested Assignment: Calacatl
2026-01-09 17:40:54 - INFO -   Distance: 0.14 km
2026-01-09 17:40:54 - INFO - Processing 72/176: MDT - WIV 503
2026-01-09 17:40:54 - INFO -   Suggested Assignment: Amlan
2026-01-09 17:40:54 - INFO -   Distance: 0.06 km
2026-01-09 17:40:54 - INFO - Processing 73/176: MDT - WQC 530
2026-01-09 17:40:54 - INFO -   Suggested Assignment: Quirino
2026-01-09 17:40:54 - INFO -   Distance: 0.11 km
2026-01-09 17:40:54 - INFO - Processing 74/176: MLT - KAS 2292
2026-01-09 17:40:54 - INFO -   Suggested Assignment: Quirino
2026-01-09 17:40:54 - INFO -   Distance: 0.1 km
2026-01-09 17:40:54 - INFO - Processing 75/176: MLT - KBE 7024
2026-01-09 17:40:54 - INFO -   Suggested Assignment: Calacatl
2026-01-09 17:40:54 - INFO -   Distance: 0.13 km
2026-01-09 17:40:54 - INFO - Processing 76/176: MLT - KBF 2633
2026-01-09 17:40:54 - INFO -   Suggested Assignment: Dasmarinas
2026-01-09 17:40:54 - INFO -   Distance: 0.02 km
2026-01-09 17:40:54 - INFO - Processing 77/176: MRR - KV4-II
2026-01-09 17:40:54 - INFO -   Suggested Assignment: Ebmagalona
2026-01-09 17:40:54 - INFO -   Distance: 0.09 km
2026-01-09 17:40:54 - INFO - Processing 78/176: MRR - TG500
2026-01-09 17:40:54 - INFO -   Suggested Assignment: Isabel
2026-01-09 17:40:54 - INFO -   Distance: 0.16 km
2026-01-09 17:40:54 - INFO - Processing 79/176: P - KAN 1247
2026-01-09 17:40:54 - INFO -   Suggested Assignment: Tayabas
2026-01-09 17:40:54 - INFO -   Distance: 0.13 km
2026-01-09 17:40:54 - INFO - Processing 80/176: RR - 1 S143J
2026-01-09 17:40:54 - INFO -   Suggested Assignment: Calatrava
2026-01-09 17:40:54 - INFO -   Distance: 0.2 km
2026-01-09 17:40:54 - INFO - Processing 81/176: RR - 3 XS143J
2026-01-09 17:40:54 - INFO -   Suggested Assignment: Ebmagalona
2026-01-09 17:40:54 - INFO -   Distance: 0.01 km
2026-01-09 17:40:54 - INFO - Processing 82/176: RR - S143J
2026-01-09 17:40:54 - INFO -   Suggested Assignment: Pinamucan
2026-01-09 17:40:54 - INFO -   Distance: 0.03 km
2026-01-09 17:40:54 - INFO - Processing 83/176: S - AAW 8901
2026-01-09 17:40:54 - INFO -   Suggested Assignment: Salvador, Lanao del Norte
2026-01-09 17:40:54 - INFO - Processing 84/176: S - D1982B (TAMARAW)
2026-01-09 17:40:54 - INFO -   Suggested Assignment: Calacatl
2026-01-09 17:40:54 - INFO -   Distance: 0.04 km
2026-01-09 17:40:54 - INFO - Processing 85/176: S - D1987B (TAMARAW)
2026-01-09 17:40:54 - INFO -   Suggested Assignment: Pinamucan
2026-01-09 17:40:54 - INFO -   Distance: 0.74 km
2026-01-09 17:40:54 - INFO - Processing 86/176: S - D1991B (TAMARAW)
2026-01-09 17:40:54 - INFO -   Suggested Assignment: Castillejos
2026-01-09 17:40:54 - INFO -   Distance: 1.75 km
2026-01-09 17:40:54 - INFO - Processing 87/176: S - DU904B (TAMARAW)
2026-01-09 17:40:54 - INFO -   Suggested Assignment: Castillejos
2026-01-09 17:40:54 - INFO -   Distance: 1.14 km
2026-01-09 17:40:54 - INFO - Processing 88/176: S - FFK 850
2026-01-09 17:40:54 - INFO -   Suggested Assignment: Calatrava
2026-01-09 17:40:54 - INFO -   Distance: 2.43 km
2026-01-09 17:40:54 - INFO - Processing 89/176: S - GAS 4199 (INOVA)
2026-01-09 17:40:54 - INFO -   Suggested Assignment: Sanjose
2026-01-09 17:40:54 - INFO -   Distance: 0.18 km
2026-01-09 17:40:54 - INFO - Processing 90/176: S - GJS 937
2026-01-09 17:40:54 - INFO -   Suggested Assignment: Bulacan, Central Luzon
2026-01-09 17:40:54 - INFO - Processing 91/176: S - LGD 853
2026-01-09 17:40:54 - INFO -   Suggested Assignment: Calacatl
2026-01-09 17:40:54 - INFO -   Distance: 0.02 km
2026-01-09 17:40:54 - INFO - Processing 92/176: S - NAX 3041
2026-01-09 17:40:54 - INFO -   Suggested Assignment: Lanao del Norte, Northern Mindanao
2026-01-09 17:40:54 - INFO - Processing 93/176: S - NAZ 3423 (FX)
2026-01-09 17:40:54 - INFO -   Suggested Assignment: Cadiz
2026-01-09 17:40:54 - INFO -   Distance: 3.57 km
2026-01-09 17:40:54 - INFO - Processing 94/176: S - NBF 6971 (P-UP)
2026-01-09 17:40:54 - INFO -   Suggested Assignment: Bolo
2026-01-09 17:40:54 - INFO -   Distance: 4.92 km
2026-01-09 17:40:54 - INFO - Processing 95/176: S - NBO 2732 (FX)
2026-01-09 17:40:54 - INFO -   Suggested Assignment: Leyte, Eastern Visayas
2026-01-09 17:40:54 - INFO - Processing 96/176: S - NBO 4948 (P-UP)
2026-01-09 17:40:54 - INFO -   Suggested Assignment: Bolo
2026-01-09 17:40:54 - INFO -   Distance: 0.67 km
2026-01-09 17:40:54 - INFO - Processing 97/176: S - NDJ 2285 (INOVA)
2026-01-09 17:40:54 - INFO -   Suggested Assignment: Calacatl
2026-01-09 17:40:54 - INFO -   Distance: 4.69 km
2026-01-09 17:40:54 - INFO - Processing 98/176: S - NDP 2213 (P-UP)
2026-01-09 17:40:54 - INFO -   Suggested Assignment: Amlan
2026-01-09 17:40:54 - INFO -   Distance: 0.02 km
2026-01-09 17:40:54 - INFO - Processing 99/176: S - NER 5132 (P-UP)
2026-01-09 17:40:54 - INFO -   Suggested Assignment: Amlan
2026-01-09 17:40:54 - INFO -   Distance: 3.28 km
2026-01-09 17:40:54 - INFO - Processing 100/176: S - NER 5149
2026-01-09 17:40:54 - INFO -   Suggested Assignment: Leyte, Eastern Visayas
2026-01-09 17:40:54 - INFO - Processing 101/176: S - NER 6695 (FX)
2026-01-09 17:40:54 - INFO -   Suggested Assignment: Calacatl
2026-01-09 17:40:54 - INFO -   Distance: 0.24 km
2026-01-09 17:40:54 - INFO - Processing 102/176: S - NER 6743 (FX)
2026-01-09 17:40:54 - INFO -   Suggested Assignment: Amlan
2026-01-09 17:40:54 - INFO -   Distance: 0.06 km
2026-01-09 17:40:54 - INFO - Processing 103/176: S - NER 6825 (FX)
2026-01-09 17:40:54 - INFO -   Suggested Assignment: Binan
2026-01-09 17:40:54 - INFO -   Distance: 3.97 km
2026-01-09 17:40:54 - INFO - Processing 104/176: S - NER 9197 (FX)
2026-01-09 17:40:54 - INFO -   Suggested Assignment: Maasin
2026-01-09 17:40:54 - INFO -   Distance: 0.09 km
2026-01-09 17:40:54 - INFO - Processing 105/176: S - NFJ 2104 (P-UP)
2026-01-09 17:40:54 - INFO -   Suggested Assignment: Bolo
2026-01-09 17:40:54 - INFO -   Distance: 0.3 km
2026-01-09 17:40:54 - INFO - Processing 106/176: S - NFK 7361 (FX)
2026-01-09 17:40:54 - INFO -   Suggested Assignment: Calacatl
2026-01-09 17:40:54 - INFO -   Distance: 0.03 km
2026-01-09 17:40:54 - INFO - Processing 107/176: S - NFK 9367 (FX)
2026-01-09 17:40:54 - INFO -   Suggested Assignment: Muntinlupa
2026-01-09 17:40:54 - INFO -   Distance: 0.1 km
2026-01-09 17:40:54 - INFO - Processing 108/176: S - NFL 2242 (FX)
2026-01-09 17:40:54 - INFO -   Suggested Assignment: Isabel
2026-01-09 17:40:54 - INFO -   Distance: 1.42 km
2026-01-09 17:40:54 - INFO - Processing 109/176: S - NFL 9736
2026-01-09 17:40:54 - INFO -   Suggested Assignment: Isabel
2026-01-09 17:40:54 - INFO -   Distance: 1.4 km
2026-01-09 17:40:54 - INFO - Processing 110/176: S - NGX 1474 (P-UP)
2026-01-09 17:40:54 - INFO -   Suggested Assignment: Ilocos Norte, Ilocos Region
2026-01-09 17:40:54 - INFO - Processing 111/176: S - NGX 9585 (P-UP)
2026-01-09 17:40:54 - INFO -   Suggested Assignment: Calacatl
2026-01-09 17:40:54 - INFO -   Distance: 0.51 km
2026-01-09 17:40:54 - INFO - Processing 112/176: S - NIB 3802 (DMAX)
2026-01-09 17:40:54 - INFO -   Suggested Assignment: Cadiz
2026-01-09 17:40:54 - INFO -   Distance: 0.07 km
2026-01-09 17:40:54 - INFO - Processing 113/176: S - NIE 4645 (INOVA)
2026-01-09 17:40:54 - INFO -   Suggested Assignment: Calacatl
2026-01-09 17:40:54 - INFO -   Distance: 0.14 km
2026-01-09 17:40:54 - INFO - Processing 114/176: S - NIE 7803 (INOVA)
2026-01-09 17:40:54 - INFO -   Suggested Assignment: Botolan
2026-01-09 17:40:54 - INFO -   Distance: 0.27 km
2026-01-09 17:40:54 - INFO - Processing 115/176: S - NIE 7804 (INOVA)
2026-01-09 17:40:54 - INFO -   Suggested Assignment: Hermosa
2026-01-09 17:40:54 - INFO -   Distance: 0.33 km
2026-01-09 17:40:54 - INFO - Processing 116/176: S - NIE 8987 (INOVA)
2026-01-09 17:40:54 - INFO -   Suggested Assignment: Tayabas
2026-01-09 17:40:54 - INFO -   Distance: 1.09 km
2026-01-09 17:40:54 - INFO - Processing 117/176: S - NIE 8988 (INOVA)
2026-01-09 17:40:54 - INFO -   Suggested Assignment: Tuguegarao
2026-01-09 17:40:54 - INFO -   Distance: 0.07 km
2026-01-09 17:40:54 - INFO - Processing 118/176: S - NIE 8989 (INOVA)
2026-01-09 17:40:54 - INFO -   Suggested Assignment: Negros Occidental, Negros Island Region
2026-01-09 17:40:54 - INFO - Processing 119/176: S - NIG 9368 (LTACE)
2026-01-09 17:40:54 - INFO -   Suggested Assignment: Ilijan
2026-01-09 17:40:54 - INFO -   Distance: 0.16 km
2026-01-09 17:40:54 - INFO - Processing 120/176: S - NIH 2946 (LTACE)
2026-01-09 17:40:54 - INFO -   Suggested Assignment: Calacatl
2026-01-09 17:40:54 - INFO -   Distance: 2.95 km
2026-01-09 17:40:54 - INFO - Processing 121/176: S - NIH 5592 (LTACE)
2026-01-09 17:40:54 - INFO -   Suggested Assignment: Calacatl
2026-01-09 17:40:54 - INFO -   Distance: 0.15 km
2026-01-09 17:40:54 - INFO - Processing 122/176: S - NIH 9850 (LTACE)
2026-01-09 17:40:54 - INFO -   Suggested Assignment: Bayombong
2026-01-09 17:40:54 - INFO -   Distance: 0.12 km
2026-01-09 17:40:54 - INFO - Processing 123/176: S - NII 6049 (P-UP)
2026-01-09 17:40:54 - INFO -   Suggested Assignment: Sagay, Negros Occidental
2026-01-09 17:40:54 - INFO - Processing 124/176: S - NII 6050 (P-UP)
2026-01-09 17:40:54 - INFO -   Suggested Assignment: Calacatl
2026-01-09 17:40:54 - INFO -   Distance: 0.07 km
2026-01-09 17:40:54 - INFO - Processing 125/176: S - NII 6801 (LTACE)
2026-01-09 17:40:54 - INFO -   Suggested Assignment: Bataan, Central Luzon
2026-01-09 17:40:54 - INFO - Processing 126/176: S - NII 9616 (INOVA)
2026-01-09 17:40:54 - INFO -   Suggested Assignment: Quirino
2026-01-09 17:40:54 - INFO -   Distance: 0.07 km
2026-01-09 17:40:54 - INFO - Processing 127/176: S - NIJ 3629 (INOVA)
2026-01-09 17:40:54 - INFO -   Suggested Assignment: Quirino
2026-01-09 17:40:54 - INFO - Processing 128/176: S - NIJ 5997 (HIACE)
2026-01-09 17:40:54 - INFO -   Suggested Assignment: Headoffice
2026-01-09 17:40:54 - INFO -   Distance: 2.07 km
2026-01-09 17:40:54 - INFO - Processing 129/176: S - NIL 1776 (FX)
2026-01-09 17:40:54 - INFO -   Suggested Assignment: Leyte, Eastern Visayas
2026-01-09 17:40:54 - INFO - Processing 130/176: S - NIL 1777 (FX)
2026-01-09 17:40:54 - INFO -   Suggested Assignment: Pangasinan, Ilocos Region
2026-01-09 17:40:55 - INFO - Processing 131/176: S - NIL 1778 (FX)
2026-01-09 17:40:55 - INFO -   Suggested Assignment: Nueva Vizcaya, Cagayan Valley
2026-01-09 17:40:55 - INFO - Processing 132/176: S - NIM 3732 (FX)
2026-01-09 17:40:55 - INFO -   Suggested Assignment: Terrasolar
2026-01-09 17:40:55 - INFO -   Distance: 0.53 km
2026-01-09 17:40:55 - INFO - Processing 133/176: S - NKA 3978 (FX)
2026-01-09 17:40:55 - INFO -   Suggested Assignment: Calacatl
2026-01-09 17:40:55 - INFO -   Distance: 0.51 km
2026-01-09 17:40:55 - INFO - Processing 134/176: S - NKA 3980 (FX)
2026-01-09 17:40:55 - INFO -   Suggested Assignment: Sanjose
2026-01-09 17:40:55 - INFO -   Distance: 0.22 km
2026-01-09 17:40:55 - INFO - Processing 135/176: S - NKE 7796 (FX)
2026-01-09 17:40:55 - INFO -   Suggested Assignment: Quirino
2026-01-09 17:40:55 - INFO -   Distance: 0.07 km
2026-01-09 17:40:55 - INFO - Processing 136/176: S - NKG 5811 (P-UP)
2026-01-09 17:40:55 - INFO -   Suggested Assignment: Terrasolar
2026-01-09 17:40:55 - INFO -   Distance: 0.33 km
2026-01-09 17:40:55 - INFO - Processing 137/176: S - NKG 5934 (P-UP)
2026-01-09 17:40:55 - INFO -   Suggested Assignment: Quirino
2026-01-09 17:40:55 - INFO -   Distance: 2.98 km
2026-01-09 17:40:55 - INFO - Processing 138/176: S - NKJ 8933 (P-UP)
2026-01-09 17:40:55 - INFO -   Suggested Assignment: Castillejos
2026-01-09 17:40:55 - INFO -   Distance: 0.49 km
2026-01-09 17:40:55 - INFO - Processing 139/176: S - NKJ 9173 (P-UP)
2026-01-09 17:40:55 - INFO -   Suggested Assignment: Terrasolar
2026-01-09 17:40:55 - INFO -   Distance: 1.35 km
2026-01-09 17:40:55 - INFO - Processing 140/176: S - NKJ 9478 (P-UP)
2026-01-09 17:40:55 - INFO -   Suggested Assignment: Pangasinan, Ilocos Region
2026-01-09 17:40:55 - INFO - Processing 141/176: S - NKJ 9753 (P-UP)
2026-01-09 17:40:55 - INFO -   Suggested Assignment: Bolo
2026-01-09 17:40:55 - INFO -   Distance: 0.04 km
2026-01-09 17:40:55 - INFO - Processing 142/176: S - NKP 3173 (P-UP)
2026-01-09 17:40:55 - INFO -   Suggested Assignment: Botolan
2026-01-09 17:40:55 - INFO -   Distance: 0.41 km
2026-01-09 17:40:55 - INFO - Processing 143/176: S - NQX 856
2026-01-09 17:40:55 - INFO -   Suggested Assignment: Negros Occidental, Negros Island Region
2026-01-09 17:40:55 - INFO - Processing 144/176: S - PXI 203 (INOVA)
2026-01-09 17:40:55 - INFO -   Suggested Assignment: Calacatl
2026-01-09 17:40:55 - INFO -   Distance: 0.21 km
2026-01-09 17:40:55 - INFO - Processing 145/176: S - PXI 341
2026-01-09 17:40:55 - INFO -   Suggested Assignment: Negros Occidental, Negros Island Region
2026-01-09 17:40:55 - INFO - Processing 146/176: S - SBD 99
2026-01-09 17:40:55 - INFO -   Suggested Assignment: Nueva Ecija, Central Luzon
2026-01-09 17:40:55 - INFO - Processing 147/176: S - SPC 17 (INOVA)
2026-01-09 17:40:55 - INFO -   Suggested Assignment: Calatrava
2026-01-09 17:40:55 - INFO -   Distance: 4.63 km
2026-01-09 17:40:55 - INFO - Processing 148/176: S - URB 214
2026-01-09 17:40:55 - INFO -   Suggested Assignment: Davao City, Davao Region
2026-01-09 17:40:55 - INFO - Processing 149/176: S - XL881A (P-UP)
2026-01-09 17:40:55 - INFO -   Suggested Assignment: Botolan
2026-01-09 17:40:55 - INFO -   Distance: 3.6 km
2026-01-09 17:40:55 - INFO - Processing 150/176: S - XRB 112 (L300)
2026-01-09 17:40:55 - INFO -   Suggested Assignment: Calacatl
2026-01-09 17:40:55 - INFO -   Distance: 0.13 km
2026-01-09 17:40:55 - INFO - Processing 151/176: SD - MBH - IHI
2026-01-09 17:40:55 - INFO -   Suggested Assignment: Cadiz
2026-01-09 17:40:55 - INFO -   Distance: 0.06 km
2026-01-09 17:40:55 - INFO - Processing 152/176: SD - MDT - KAK 9692
2026-01-09 17:40:55 - INFO -   Suggested Assignment: Salvador, Lanao del Norte
2026-01-09 17:40:55 - INFO - Processing 153/176: SD - S - CHEVROLET
2026-01-09 17:40:55 - INFO -   Suggested Assignment: Isabel
2026-01-09 17:40:55 - INFO -   Distance: 0.49 km
2026-01-09 17:40:55 - INFO - Processing 154/176: SD - S - NAO 8227
2026-01-09 17:40:55 - INFO -   Suggested Assignment: Pangasinan, Ilocos Region
2026-01-09 17:40:55 - INFO - Processing 155/176: SKD - BOBCAT S130
2026-01-09 17:40:55 - INFO -   Suggested Assignment: Dumanjug
2026-01-09 17:40:55 - INFO -   Distance: 0.14 km
2026-01-09 17:40:55 - INFO - Processing 156/176: SKD - BOBCAT S150
2026-01-09 17:40:55 - INFO -   Suggested Assignment: Salvador, Lanao del Norte
2026-01-09 17:40:55 - INFO - Processing 157/176: SLD - KAE 6026
2026-01-09 17:40:55 - INFO -   Suggested Assignment: Calacatl
2026-01-09 17:40:55 - INFO -   Distance: 0.04 km
2026-01-09 17:40:55 - INFO - Processing 158/176: SLD - KAE 6027
2026-01-09 17:40:55 - INFO -   Suggested Assignment: Quirino
2026-01-09 17:40:55 - INFO -   Distance: 0.07 km
2026-01-09 17:40:55 - INFO - Processing 159/176: SLD - KAE 6028
2026-01-09 17:40:55 - INFO -   Suggested Assignment: Castillejos
2026-01-09 17:40:55 - INFO -   Distance: 1.06 km
2026-01-09 17:40:55 - INFO - Processing 160/176: SLD - KAE 6029
2026-01-09 17:40:55 - INFO -   Suggested Assignment: Terrasolar
2026-01-09 17:40:55 - INFO -   Distance: 0.12 km
2026-01-09 17:40:55 - INFO - Processing 161/176: SLD - NCR 7275
2026-01-09 17:40:55 - INFO -   Suggested Assignment: Bolo
2026-01-09 17:40:55 - INFO -   Distance: 0.3 km
2026-01-09 17:40:55 - INFO - Processing 162/176: SLD - NDP 1833
2026-01-09 17:40:55 - INFO -   Suggested Assignment: Amlan
2026-01-09 17:40:55 - INFO -   Distance: 0.03 km
2026-01-09 17:40:55 - INFO - Processing 163/176: ST - MFG 773
2026-01-09 17:40:55 - INFO -   Suggested Assignment: Calacatl
2026-01-09 17:40:55 - INFO -   Distance: 0.07 km
2026-01-09 17:40:55 - INFO - Processing 164/176: ST - NBP 9217
2026-01-09 17:40:55 - INFO -   Suggested Assignment: Calacatl
2026-01-09 17:40:55 - INFO -   Distance: 0.28 km
2026-01-09 17:40:55 - INFO - Processing 165/176: ST - NCA 2535
2026-01-09 17:40:55 - INFO -   Suggested Assignment: Calacatl
2026-01-09 17:40:55 - INFO -   Distance: 0.02 km
2026-01-09 17:40:55 - INFO - Processing 166/176: TH - CAG 6031
2026-01-09 17:40:55 - INFO -   Suggested Assignment: Castillejos
2026-01-09 17:40:55 - INFO -   Distance: 1.53 km
2026-01-09 17:40:55 - INFO - Processing 167/176: TH - KBA 5796
2026-01-09 17:40:55 - INFO -   Suggested Assignment: Terrasolar
2026-01-09 17:40:55 - INFO -   Distance: 0.14 km
2026-01-09 17:40:55 - INFO - Processing 168/176: TH - KBF 1176
2026-01-09 17:40:55 - INFO -   Suggested Assignment: Bulacan, Central Luzon
2026-01-09 17:40:55 - INFO - Processing 169/176: TH - RNW 417
2026-01-09 17:40:55 - INFO -   Suggested Assignment: Calacatl
2026-01-09 17:40:55 - INFO -   Distance: 0.05 km
2026-01-09 17:40:55 - INFO - Processing 170/176: WLD - B03066
2026-01-09 17:40:55 - INFO -   Suggested Assignment: Pinamucan
2026-01-09 17:40:55 - INFO -   Distance: 0.05 km
2026-01-09 17:40:55 - INFO - Processing 171/176: WLD - B03386
2026-01-09 17:40:55 - INFO -   Suggested Assignment: Bolo
2026-01-09 17:40:55 - INFO -   Distance: 1.81 km
2026-01-09 17:40:55 - INFO - Processing 172/176: WLD - B15101
2026-01-09 17:40:55 - INFO -   Suggested Assignment: Bolo
2026-01-09 17:40:55 - INFO -   Distance: 0.28 km
2026-01-09 17:40:55 - INFO - Processing 173/176: WLD - WA200
2026-01-09 17:40:55 - INFO -   Suggested Assignment: Quirino
2026-01-09 17:40:55 - INFO -   Distance: 0.12 km
2026-01-09 17:40:55 - INFO - Processing 174/176: WLD 1 LW500FN1
2026-01-09 17:40:55 - INFO -   Suggested Assignment: Calacatl
2026-01-09 17:40:55 - INFO -   Distance: 0.13 km
2026-01-09 17:40:55 - INFO - Processing 175/176: WLD 2 500FN2
2026-01-09 17:40:55 - INFO -   Suggested Assignment: Pinamucan
2026-01-09 17:40:55 - INFO -   Distance: 0.11 km
2026-01-09 17:40:55 - INFO - Processing 176/176: WLD 3 500FN3
2026-01-09 17:40:55 - INFO -   Suggested Assignment: Quirino
2026-01-09 17:40:55 - INFO -   Distance: 0.1 km
2026-01-09 17:40:55 - INFO - 
Step 4: Exporting 176 records to Excel...
2026-01-09 17:40:56 - INFO - Successfully exported to assignment_report_20260109_174055.xlsx
2026-01-09 17:40:56 - INFO - 
================================================================================
2026-01-09 17:40:56 - INFO - SUCCESS: Assignment report exported to assignment_report_20260109_174055.xlsx
2026-01-09 17:40:56 - INFO - Total records processed: 176
2026-01-09 17:40:56 - INFO - ================================================================================
2026-01-09 17:40:56 - INFO - 
Database connection closed
2026-01-09 17:40:56 - INFO - Script completed
